<?xml version="1.0" encoding="UTF-8"?>
<coverage generated="1554778865614" clover="3.2.0">
  <project timestamp="1554778865614" name="All files">
    <metrics statements="44" coveredstatements="22" conditionals="14" coveredconditionals="4" methods="21" coveredmethods="8" elements="79" coveredelements="34" complexity="0" loc="44" ncloc="44" packages="1" files="7" classes="7">
      <file name="LeftArrow.jsx" path="/Users/jasonasavadejkajorn/Documents/SEI/Capstone/Client/src/LeftArrow.jsx">
        <metrics statements="2" coveredstatements="2" conditionals="0" coveredconditionals="0" methods="1" coveredmethods="1"/>
        <line num="4" count="3" type="stmt"/>
        <line num="5" count="7" type="stmt"/>
      </file>
      <file name="RightArrow.jsx" path="/Users/jasonasavadejkajorn/Documents/SEI/Capstone/Client/src/RightArrow.jsx">
        <metrics statements="2" coveredstatements="2" conditionals="0" coveredconditionals="0" methods="1" coveredmethods="1"/>
        <line num="5" count="3" type="stmt"/>
        <line num="6" count="7" type="stmt"/>
      </file>
      <file name="Slide.jsx" path="/Users/jasonasavadejkajorn/Documents/SEI/Capstone/Client/src/Slide.jsx">
        <metrics statements="3" coveredstatements="3" conditionals="0" coveredconditionals="0" methods="1" coveredmethods="1"/>
        <line num="3" count="3" type="stmt"/>
        <line num="4" count="1" type="stmt"/>
        <line num="10" count="1" type="stmt"/>
      </file>
      <file name="Slider.jsx" path="/Users/jasonasavadejkajorn/Documents/SEI/Capstone/Client/src/Slider.jsx">
        <metrics statements="23" coveredstatements="12" conditionals="10" coveredconditionals="4" methods="15" coveredmethods="4"/>
        <line num="14" count="11" type="stmt"/>
        <line num="16" count="11" type="stmt"/>
        <line num="23" count="11" type="stmt"/>
        <line num="24" count="11" type="stmt"/>
        <line num="25" count="11" type="stmt"/>
        <line num="26" count="11" type="stmt"/>
        <line num="31" count="11" type="stmt"/>
        <line num="32" count="11" type="stmt"/>
        <line num="38" count="11" type="stmt"/>
        <line num="39" count="0" type="stmt"/>
        <line num="44" count="0" type="stmt"/>
        <line num="52" count="0" type="stmt"/>
        <line num="60" count="0" type="cond" truecount="0" falsecount="2"/>
        <line num="61" count="0" type="stmt"/>
        <line num="70" count="0" type="cond" truecount="0" falsecount="2"/>
        <line num="71" count="0" type="stmt"/>
        <line num="77" count="0" type="stmt"/>
        <line num="87" count="0" type="stmt"/>
        <line num="91" count="18" type="cond" truecount="2" falsecount="0"/>
        <line num="101" count="0" type="stmt"/>
        <line num="123" count="12" type="cond" truecount="1" falsecount="1"/>
        <line num="124" count="12" type="stmt"/>
        <line num="132" count="0" type="stmt"/>
      </file>
      <file name="hero.jsx" path="/Users/jasonasavadejkajorn/Documents/SEI/Capstone/Client/src/hero.jsx">
        <metrics statements="3" coveredstatements="1" conditionals="2" coveredconditionals="0" methods="1" coveredmethods="0"/>
        <line num="3" count="2" type="stmt"/>
        <line num="4" count="0" type="stmt"/>
        <line num="10" count="0" type="cond" truecount="0" falsecount="2"/>
      </file>
      <file name="index.jsx" path="/Users/jasonasavadejkajorn/Documents/SEI/Capstone/Client/src/index.jsx">
        <metrics statements="9" coveredstatements="0" conditionals="2" coveredconditionals="0" methods="1" coveredmethods="0"/>
        <line num="1" count="0" type="stmt"/>
        <line num="2" count="0" type="stmt"/>
        <line num="3" count="0" type="stmt"/>
        <line num="5" count="0" type="stmt"/>
        <line num="6" count="0" type="stmt"/>
        <line num="10" count="0" type="cond" truecount="0" falsecount="2"/>
        <line num="12" count="0" type="stmt"/>
        <line num="18" count="0" type="stmt"/>
        <line num="29" count="0" type="stmt"/>
      </file>
      <file name="skull.jsx" path="/Users/jasonasavadejkajorn/Documents/SEI/Capstone/Client/src/skull.jsx">
        <metrics statements="2" coveredstatements="2" conditionals="0" coveredconditionals="0" methods="1" coveredmethods="1"/>
        <line num="5" count="3" type="stmt"/>
        <line num="6" count="8" type="stmt"/>
      </file>
    </metrics>
  </project>
</coverage>
