{"/Users/jasonasavadejkajorn/Documents/SEI/Capstone/Client/src/LeftArrow.jsx": {"path":"/Users/jasonasavadejkajorn/Documents/SEI/Capstone/Client/src/LeftArrow.jsx","statementMap":{"0":{"start":{"line":4,"column":18},"end":{"line":10,"column":1}},"1":{"start":{"line":5,"column":4},"end":{"line":9,"column":5}}},"fnMap":{"0":{"name":"(anonymous_0)","decl":{"start":{"line":4,"column":18},"end":{"line":4,"column":19}},"loc":{"start":{"line":4,"column":29},"end":{"line":10,"column":1}},"line":4}},"branchMap":{},"s":{"0":3,"1":7},"f":{"0":7},"b":{},"_coverageSchema":"332fd63041d2c1bcb487cc26dd0d5f7d97098a6c","hash":"9e6e903c1fec6b09308cf34e6d0d805afde69109"}
,"/Users/jasonasavadejkajorn/Documents/SEI/Capstone/Client/src/RightArrow.jsx": {"path":"/Users/jasonasavadejkajorn/Documents/SEI/Capstone/Client/src/RightArrow.jsx","statementMap":{"0":{"start":{"line":5,"column":19},"end":{"line":12,"column":1}},"1":{"start":{"line":6,"column":4},"end":{"line":11,"column":5}}},"fnMap":{"0":{"name":"(anonymous_0)","decl":{"start":{"line":5,"column":19},"end":{"line":5,"column":20}},"loc":{"start":{"line":5,"column":30},"end":{"line":12,"column":1}},"line":5}},"branchMap":{},"s":{"0":3,"1":7},"f":{"0":7},"b":{},"_coverageSchema":"332fd63041d2c1bcb487cc26dd0d5f7d97098a6c","hash":"bf70964386799fa7419281070102e6ce03429648"}
,"/Users/jasonasavadejkajorn/Documents/SEI/Capstone/Client/src/Slide.jsx": {"path":"/Users/jasonasavadejkajorn/Documents/SEI/Capstone/Client/src/Slide.jsx","statementMap":{"0":{"start":{"line":3,"column":14},"end":{"line":11,"column":1}},"1":{"start":{"line":4,"column":19},"end":{"line":9,"column":5}},"2":{"start":{"line":10,"column":4},"end":{"line":10,"column":55}}},"fnMap":{"0":{"name":"(anonymous_0)","decl":{"start":{"line":3,"column":14},"end":{"line":3,"column":15}},"loc":{"start":{"line":3,"column":29},"end":{"line":11,"column":1}},"line":3}},"branchMap":{},"s":{"0":3,"1":1,"2":1},"f":{"0":1},"b":{},"_coverageSchema":"332fd63041d2c1bcb487cc26dd0d5f7d97098a6c","hash":"33472cf10f6aeb6565b1df04f12ce976b298611a"}
,"/Users/jasonasavadejkajorn/Documents/SEI/Capstone/Client/src/Slider.jsx": {"path":"/Users/jasonasavadejkajorn/Documents/SEI/Capstone/Client/src/Slider.jsx","statementMap":{"0":{"start":{"line":14,"column":8},"end":{"line":14,"column":21}},"1":{"start":{"line":16,"column":8},"end":{"line":22,"column":10}},"2":{"start":{"line":23,"column":8},"end":{"line":23,"column":59}},"3":{"start":{"line":24,"column":8},"end":{"line":24,"column":59}},"4":{"start":{"line":25,"column":8},"end":{"line":25,"column":49}},"5":{"start":{"line":26,"column":8},"end":{"line":26,"column":53}},"6":{"start":{"line":31,"column":8},"end":{"line":31,"column":26}},"7":{"start":{"line":32,"column":7},"end":{"line":32,"column":49}},"8":{"start":{"line":38,"column":8},"end":{"line":45,"column":9}},"9":{"start":{"line":39,"column":22},"end":{"line":39,"column":55}},"10":{"start":{"line":44,"column":19},"end":{"line":44,"column":35}},"11":{"start":{"line":52,"column":8},"end":{"line":54,"column":11}},"12":{"start":{"line":52,"column":36},"end":{"line":54,"column":9}},"13":{"start":{"line":60,"column":8},"end":{"line":60,"column":49}},"14":{"start":{"line":60,"column":42},"end":{"line":60,"column":49}},"15":{"start":{"line":61,"column":8},"end":{"line":64,"column":13}},"16":{"start":{"line":61,"column":36},"end":{"line":64,"column":11}},"17":{"start":{"line":70,"column":8},"end":{"line":76,"column":9}},"18":{"start":{"line":71,"column":12},"end":{"line":75,"column":14}},"19":{"start":{"line":77,"column":8},"end":{"line":82,"column":11}},"20":{"start":{"line":77,"column":36},"end":{"line":82,"column":9}},"21":{"start":{"line":87,"column":8},"end":{"line":87,"column":59}},"22":{"start":{"line":91,"column":7},"end":{"line":122,"column":8}},"23":{"start":{"line":91,"column":39},"end":{"line":121,"column":10}},"24":{"start":{"line":101,"column":20},"end":{"line":101,"column":54}},"25":{"start":{"line":123,"column":7},"end":{"line":139,"column":8}},"26":{"start":{"line":124,"column":11},"end":{"line":138,"column":12}},"27":{"start":{"line":132,"column":20},"end":{"line":132,"column":53}}},"fnMap":{"0":{"name":"(anonymous_0)","decl":{"start":{"line":13,"column":4},"end":{"line":13,"column":5}},"loc":{"start":{"line":13,"column":23},"end":{"line":28,"column":5}},"line":13},"1":{"name":"(anonymous_1)","decl":{"start":{"line":30,"column":4},"end":{"line":30,"column":5}},"loc":{"start":{"line":30,"column":25},"end":{"line":34,"column":5}},"line":30},"2":{"name":"(anonymous_2)","decl":{"start":{"line":36,"column":4},"end":{"line":36,"column":5}},"loc":{"start":{"line":36,"column":25},"end":{"line":49,"column":5}},"line":36},"3":{"name":"(anonymous_3)","decl":{"start":{"line":39,"column":15},"end":{"line":39,"column":16}},"loc":{"start":{"line":39,"column":22},"end":{"line":39,"column":55}},"line":39},"4":{"name":"(anonymous_4)","decl":{"start":{"line":44,"column":9},"end":{"line":44,"column":10}},"loc":{"start":{"line":44,"column":18},"end":{"line":44,"column":36}},"line":44},"5":{"name":"(anonymous_5)","decl":{"start":{"line":51,"column":4},"end":{"line":51,"column":5}},"loc":{"start":{"line":51,"column":19},"end":{"line":56,"column":5}},"line":51},"6":{"name":"(anonymous_6)","decl":{"start":{"line":52,"column":22},"end":{"line":52,"column":23}},"loc":{"start":{"line":52,"column":36},"end":{"line":54,"column":9}},"line":52},"7":{"name":"(anonymous_7)","decl":{"start":{"line":58,"column":4},"end":{"line":58,"column":5}},"loc":{"start":{"line":58,"column":21},"end":{"line":66,"column":5}},"line":58},"8":{"name":"(anonymous_8)","decl":{"start":{"line":61,"column":22},"end":{"line":61,"column":23}},"loc":{"start":{"line":61,"column":36},"end":{"line":64,"column":11}},"line":61},"9":{"name":"(anonymous_9)","decl":{"start":{"line":68,"column":4},"end":{"line":68,"column":5}},"loc":{"start":{"line":68,"column":21},"end":{"line":84,"column":5}},"line":68},"10":{"name":"(anonymous_10)","decl":{"start":{"line":77,"column":22},"end":{"line":77,"column":23}},"loc":{"start":{"line":77,"column":36},"end":{"line":82,"column":9}},"line":77},"11":{"name":"(anonymous_11)","decl":{"start":{"line":86,"column":4},"end":{"line":86,"column":5}},"loc":{"start":{"line":86,"column":17},"end":{"line":88,"column":5}},"line":86},"12":{"name":"(anonymous_12)","decl":{"start":{"line":90,"column":4},"end":{"line":90,"column":5}},"loc":{"start":{"line":90,"column":14},"end":{"line":140,"column":5}},"line":90},"13":{"name":"(anonymous_13)","decl":{"start":{"line":100,"column":38},"end":{"line":100,"column":39}},"loc":{"start":{"line":101,"column":20},"end":{"line":101,"column":54}},"line":101},"14":{"name":"(anonymous_14)","decl":{"start":{"line":131,"column":47},"end":{"line":131,"column":48}},"loc":{"start":{"line":132,"column":20},"end":{"line":132,"column":53}},"line":132}},"branchMap":{"0":{"loc":{"start":{"line":60,"column":8},"end":{"line":60,"column":49}},"type":"if","locations":[{"start":{"line":60,"column":8},"end":{"line":60,"column":49}},{"start":{"line":60,"column":8},"end":{"line":60,"column":49}}],"line":60},"1":{"loc":{"start":{"line":70,"column":8},"end":{"line":76,"column":9}},"type":"if","locations":[{"start":{"line":70,"column":8},"end":{"line":76,"column":9}},{"start":{"line":70,"column":8},"end":{"line":76,"column":9}}],"line":70},"2":{"loc":{"start":{"line":91,"column":7},"end":{"line":122,"column":8}},"type":"if","locations":[{"start":{"line":91,"column":7},"end":{"line":122,"column":8}},{"start":{"line":91,"column":7},"end":{"line":122,"column":8}}],"line":91},"3":{"loc":{"start":{"line":123,"column":7},"end":{"line":139,"column":8}},"type":"if","locations":[{"start":{"line":123,"column":7},"end":{"line":139,"column":8}},{"start":{"line":123,"column":7},"end":{"line":139,"column":8}}],"line":123},"4":{"loc":{"start":{"line":127,"column":14},"end":{"line":128,"column":65}},"type":"binary-expr","locations":[{"start":{"line":127,"column":14},"end":{"line":127,"column":42}},{"start":{"line":128,"column":12},"end":{"line":128,"column":65}}],"line":127}},"s":{"0":11,"1":11,"2":11,"3":11,"4":11,"5":11,"6":11,"7":11,"8":11,"9":0,"10":0,"11":0,"12":0,"13":0,"14":0,"15":0,"16":0,"17":0,"18":0,"19":0,"20":0,"21":0,"22":18,"23":6,"24":0,"25":12,"26":12,"27":0},"f":{"0":11,"1":11,"2":11,"3":0,"4":0,"5":0,"6":0,"7":0,"8":0,"9":0,"10":0,"11":0,"12":18,"13":0,"14":0},"b":{"0":[0,0],"1":[0,0],"2":[6,12],"3":[12,0],"4":[12,0]},"_coverageSchema":"332fd63041d2c1bcb487cc26dd0d5f7d97098a6c","hash":"12616e0de17e4ffdcce421fb70b7424dcb49e372"}
,"/Users/jasonasavadejkajorn/Documents/SEI/Capstone/Client/src/hero.jsx": {"path":"/Users/jasonasavadejkajorn/Documents/SEI/Capstone/Client/src/hero.jsx","statementMap":{"0":{"start":{"line":3,"column":13},"end":{"line":11,"column":1}},"1":{"start":{"line":4,"column":19},"end":{"line":9,"column":5}},"2":{"start":{"line":10,"column":4},"end":{"line":10,"column":77}}},"fnMap":{"0":{"name":"(anonymous_0)","decl":{"start":{"line":3,"column":13},"end":{"line":3,"column":14}},"loc":{"start":{"line":3,"column":34},"end":{"line":11,"column":1}},"line":3}},"branchMap":{"0":{"loc":{"start":{"line":10,"column":27},"end":{"line":10,"column":54}},"type":"cond-expr","locations":[{"start":{"line":10,"column":34},"end":{"line":10,"column":45}},{"start":{"line":10,"column":48},"end":{"line":10,"column":54}}],"line":10}},"s":{"0":2,"1":0,"2":0},"f":{"0":0},"b":{"0":[0,0]},"_coverageSchema":"332fd63041d2c1bcb487cc26dd0d5f7d97098a6c","hash":"b65e2e1510423288e9f4e1192761ce6ed7b1efcd"}
,"/Users/jasonasavadejkajorn/Documents/SEI/Capstone/Client/src/index.jsx": {"path":"/Users/jasonasavadejkajorn/Documents/SEI/Capstone/Client/src/index.jsx","statementMap":{"0":{"start":{"line":1,"column":0},"end":{"line":null,"column":-1}},"1":{"start":{"line":2,"column":0},"end":{"line":null,"column":-1}},"2":{"start":{"line":3,"column":0},"end":{"line":null,"column":-1}},"3":{"start":{"line":5,"column":0},"end":{"line":null,"column":-1}},"4":{"start":{"line":6,"column":0},"end":{"line":null,"column":-1}},"5":{"start":{"line":10,"column":23},"end":{"line":null,"column":-1}},"6":{"start":{"line":12,"column":8},"end":{"line":null,"column":-1}},"7":{"start":{"line":18,"column":8},"end":{"line":null,"column":-1}},"8":{"start":{"line":29,"column":0},"end":{"line":null,"column":-1}}},"fnMap":{"0":{"name":"Hero","decl":{"start":{"line":10,"column":4},"end":{"line":10,"column":15}},"loc":{"start":{"line":10,"column":23},"end":{"line":15,"column":5}}}},"branchMap":{"0":{"loc":{"start":{"line":10,"column":23},"end":{"line":11,"column":13}},"type":"binary-expr","locations":[{"start":{"line":10,"column":23},"end":{"line":11,"column":13}},{"start":{"line":10,"column":23},"end":{"line":11,"column":13}}]}},"s":{"0":0,"1":0,"2":0,"3":0,"4":0,"5":0,"6":0,"7":0,"8":0},"f":{"0":0},"b":{"0":[0,0]}}
,"/Users/jasonasavadejkajorn/Documents/SEI/Capstone/Client/src/skull.jsx": {"path":"/Users/jasonasavadejkajorn/Documents/SEI/Capstone/Client/src/skull.jsx","statementMap":{"0":{"start":{"line":5,"column":14},"end":{"line":14,"column":1}},"1":{"start":{"line":6,"column":4},"end":{"line":13,"column":5}}},"fnMap":{"0":{"name":"(anonymous_0)","decl":{"start":{"line":5,"column":14},"end":{"line":5,"column":15}},"loc":{"start":{"line":5,"column":25},"end":{"line":14,"column":1}},"line":5}},"branchMap":{},"s":{"0":3,"1":8},"f":{"0":8},"b":{},"_coverageSchema":"332fd63041d2c1bcb487cc26dd0d5f7d97098a6c","hash":"7c01d51c0a1a5ee37a5bcbeacc6371b39f5f83a1"}
}
