TN:
SF:/Users/jasonasavadejkajorn/Documents/SEI/Capstone/Client/src/LeftArrow.jsx
FN:4,(anonymous_0)
FNF:1
FNH:1
FNDA:7,(anonymous_0)
DA:4,3
DA:5,7
LF:2
LH:2
BRF:0
BRH:0
end_of_record
TN:
SF:/Users/jasonasavadejkajorn/Documents/SEI/Capstone/Client/src/RightArrow.jsx
FN:5,(anonymous_0)
FNF:1
FNH:1
FNDA:7,(anonymous_0)
DA:5,3
DA:6,7
LF:2
LH:2
BRF:0
BRH:0
end_of_record
TN:
SF:/Users/jasonasavadejkajorn/Documents/SEI/Capstone/Client/src/Slide.jsx
FN:3,(anonymous_0)
FNF:1
FNH:1
FNDA:1,(anonymous_0)
DA:3,3
DA:4,1
DA:10,1
LF:3
LH:3
BRF:0
BRH:0
end_of_record
TN:
SF:/Users/jasonasavadejkajorn/Documents/SEI/Capstone/Client/src/Slider.jsx
FN:13,(anonymous_0)
FN:30,(anonymous_1)
FN:36,(anonymous_2)
FN:39,(anonymous_3)
FN:44,(anonymous_4)
FN:51,(anonymous_5)
FN:52,(anonymous_6)
FN:58,(anonymous_7)
FN:61,(anonymous_8)
FN:68,(anonymous_9)
FN:77,(anonymous_10)
FN:86,(anonymous_11)
FN:90,(anonymous_12)
FN:100,(anonymous_13)
FN:131,(anonymous_14)
FNF:15
FNH:4
FNDA:11,(anonymous_0)
FNDA:11,(anonymous_1)
FNDA:11,(anonymous_2)
FNDA:0,(anonymous_3)
FNDA:0,(anonymous_4)
FNDA:0,(anonymous_5)
FNDA:0,(anonymous_6)
FNDA:0,(anonymous_7)
FNDA:0,(anonymous_8)
FNDA:0,(anonymous_9)
FNDA:0,(anonymous_10)
FNDA:0,(anonymous_11)
FNDA:18,(anonymous_12)
FNDA:0,(anonymous_13)
FNDA:0,(anonymous_14)
DA:14,11
DA:16,11
DA:23,11
DA:24,11
DA:25,11
DA:26,11
DA:31,11
DA:38,11
DA:39,0
DA:44,0
DA:52,0
DA:60,0
DA:61,0
DA:70,0
DA:71,0
DA:77,0
DA:87,0
DA:91,18
DA:101,0
DA:123,12
DA:124,12
DA:132,0
LF:22
LH:11
BRDA:60,0,0,0
BRDA:60,0,1,0
BRDA:70,1,0,0
BRDA:70,1,1,0
BRDA:91,2,0,6
BRDA:91,2,1,12
BRDA:123,3,0,12
BRDA:123,3,1,0
BRDA:127,4,0,12
BRDA:127,4,1,0
BRF:10
BRH:4
end_of_record
TN:
SF:/Users/jasonasavadejkajorn/Documents/SEI/Capstone/Client/src/hero.jsx
FN:3,(anonymous_0)
FNF:1
FNH:1
FNDA:1,(anonymous_0)
DA:3,3
DA:4,1
DA:10,1
LF:3
LH:3
BRDA:10,0,0,0
BRDA:10,0,1,1
BRF:2
BRH:1
end_of_record
TN:
SF:/Users/jasonasavadejkajorn/Documents/SEI/Capstone/Client/src/index.jsx
FN:10,Hero
FNF:1
FNH:0
FNDA:0,Hero
DA:1,0
DA:2,0
DA:3,0
DA:5,0
DA:6,0
DA:10,0
DA:12,0
DA:18,0
DA:29,0
LF:9
LH:0
BRDA:10,0,0,0
BRDA:10,0,1,0
BRF:2
BRH:0
end_of_record
TN:
SF:/Users/jasonasavadejkajorn/Documents/SEI/Capstone/Client/src/skull.jsx
FN:5,(anonymous_0)
FNF:1
FNH:1
FNDA:8,(anonymous_0)
DA:5,3
DA:6,8
LF:2
LH:2
BRF:0
BRH:0
end_of_record
